2016-05-17 19:33:56.383 Titan Juxt Pro[3974:572856] -[PriorityCallManager newImageGenerationWithUserName:andAddress:andMap:] [Line 567] image size 320.000000 568.000000
2016-05-17 19:33:56.694 Titan Juxt Pro[3974:572856] self.peripheralManager powered on.
2016-05-17 19:33:56.697 Titan Juxt Pro[3974:572856] available devices : GCiPhone
2016-05-17 19:33:56.698 Titan Juxt Pro[3974:572856] available devices : GCiPhone
2016-05-17 19:33:56.698 Titan Juxt Pro[3974:572856] available devices : GCiPhone
2016-05-17 19:33:56.699 Titan Juxt Pro[3974:572856] available devices : aaaaaa
2016-05-17 19:33:56.700 Titan Juxt Pro[3974:572856] available devices : Q GRANT
2016-05-17 19:33:56.701 Titan Juxt Pro[3974:572856] available devices : sfk clark
2016-05-17 19:33:56.702 Titan Juxt Pro[3974:572856] available devices : Q DREAMER
2016-05-17 19:33:56.703 Titan Juxt Pro[3974:572856] available devices : Q DREAMER
2016-05-17 19:33:56.710 Titan Juxt Pro[3974:572863] TITAN : PushCredentials: <38dab5d0 df00d96f 87ede3ff 957c4d05 f750c181 858e7593 3b475150 bd8dfef2>
2016-05-17 19:33:56.715 Titan Juxt Pro[3974:572863] PushCredentials: <38dab5d0 df00d96f 87ede3ff 957c4d05 f750c181 858e7593 3b475150 bd8dfef2>
2016-05-17 19:33:56.805 Titan Juxt Pro[3974:572856] available devices : GCiPhone
2016-05-17 19:33:56.903 Titan Juxt Pro[3974:572856] available devices : TITAN Juxt Pro GCTEST18
2016-05-17 19:33:57.144 Titan Juxt Pro[3974:572856] available devices : TITAN SmartWatch
2016-05-17 19:33:57.189 Titan Juxt Pro[3974:572856] available devices : curie_f2_4d_94
2016-05-17 19:33:57.199 Titan Juxt Pro[3974:572856] available devices : TITAN SmartWatch
2016-05-17 19:33:57.301 Titan Juxt Pro[3974:572856] available devices : Charge HR
2016-05-17 19:33:58.312 Titan Juxt Pro[3974:572856] available devices : Charge
2016-05-17 19:33:58.773 Titan Juxt Pro[3974:572856] available devices : curie_2d_6f_7d
2016-05-17 19:33:59.014 Titan Juxt Pro[3974:572856] available devices : Charge
