2016-05-17 19:37:43.628 Titan Juxt Pro[4234:576040]  Autherization Header required
2016-05-17 19:37:43.629 Titan Juxt Pro[4234:576040] Authorization Value = Bearer 304daea02dc184e0ab4cb91cc891df9e388db5dd0af0f78a3849a9306d1019865d610cd6fb9e0f6d75443fc3174a142b
2016-05-17 19:37:48.205 Titan Juxt Pro[4234:576040]  Autherization Header required
2016-05-17 19:37:48.205 Titan Juxt Pro[4234:576040] Authorization Value = Bearer 304daea02dc184e0ab4cb91cc891df9e388db5dd0af0f78a3849a9306d1019865d610cd6fb9e0f6d75443fc3174a142b
2016-05-17 19:37:49.131 Titan Juxt Pro[4234:576040]  Autherization Header required
2016-05-17 19:37:49.132 Titan Juxt Pro[4234:576040] Authorization Value = Bearer 304daea02dc184e0ab4cb91cc891df9e388db5dd0af0f78a3849a9306d1019865d610cd6fb9e0f6d75443fc3174a142b
2016-05-17 19:37:49.814 Titan Juxt Pro[4234:576040]  Autherization Header required
2016-05-17 19:37:49.815 Titan Juxt Pro[4234:576040] Authorization Value = Bearer 304daea02dc184e0ab4cb91cc891df9e388db5dd0af0f78a3849a9306d1019865d610cd6fb9e0f6d75443fc3174a142b
2016-05-17 19:37:50.477 Titan Juxt Pro[4234:576040]  Autherization Header required
2016-05-17 19:37:50.478 Titan Juxt Pro[4234:576040] Authorization Value = Bearer 304daea02dc184e0ab4cb91cc891df9e388db5dd0af0f78a3849a9306d1019865d610cd6fb9e0f6d75443fc3174a142b
2016-05-17 19:37:51.187 Titan Juxt Pro[4234:576040]  Autherization Header required
2016-05-17 19:37:51.187 Titan Juxt Pro[4234:576040] Authorization Value = Bearer 304daea02dc184e0ab4cb91cc891df9e388db5dd0af0f78a3849a9306d1019865d610cd6fb9e0f6d75443fc3174a142b
2016-05-17 19:37:51.842 Titan Juxt Pro[4234:576040]  Autherization Header required
2016-05-17 19:37:51.843 Titan Juxt Pro[4234:576040] Authorization Value = Bearer 304daea02dc184e0ab4cb91cc891df9e388db5dd0af0f78a3849a9306d1019865d610cd6fb9e0f6d75443fc3174a142b
2016-05-17 19:37:52.481 Titan Juxt Pro[4234:576040]  Autherization Header required
2016-05-17 19:37:52.482 Titan Juxt Pro[4234:576040] Authorization Value = Bearer 304daea02dc184e0ab4cb91cc891df9e388db5dd0af0f78a3849a9306d1019865d610cd6fb9e0f6d75443fc3174a142b
2016-05-17 19:37:53.152 Titan Juxt Pro[4234:576040]  Autherization Header required
2016-05-17 19:37:53.153 Titan Juxt Pro[4234:576040] Authorization Value = Bearer 304daea02dc184e0ab4cb91cc891df9e388db5dd0af0f78a3849a9306d1019865d610cd6fb9e0f6d75443fc3174a142b
2016-05-17 19:37:53.803 Titan Juxt Pro[4234:576040]  Autherization Header required
2016-05-17 19:37:53.803 Titan Juxt Pro[4234:576040] Authorization Value = Bearer 304daea02dc184e0ab4cb91cc891df9e388db5dd0af0f78a3849a9306d1019865d610cd6fb9e0f6d75443fc3174a142b
2016-05-17 19:37:54.400 Titan Juxt Pro[4234:576040]  Autherization Header required
2016-05-17 19:37:54.401 Titan Juxt Pro[4234:576040] Authorization Value = Bearer 304daea02dc184e0ab4cb91cc891df9e388db5dd0af0f78a3849a9306d1019865d610cd6fb9e0f6d75443fc3174a142b
2016-05-17 19:37:55.018 Titan Juxt Pro[4234:576040]  Autherization Header required
2016-05-17 19:37:55.018 Titan Juxt Pro[4234:576040] Authorization Value = Bearer 304daea02dc184e0ab4cb91cc891df9e388db5dd0af0f78a3849a9306d1019865d610cd6fb9e0f6d75443fc3174a142b
2016-05-17 19:37:55.634 Titan Juxt Pro[4234:576040]  Autherization Header required
2016-05-17 19:37:55.635 Titan Juxt Pro[4234:576040] Authorization Value = Bearer 304daea02dc184e0ab4cb91cc891df9e388db5dd0af0f78a3849a9306d1019865d610cd6fb9e0f6d75443fc3174a142b
2016-05-17 19:37:56.261 Titan Juxt Pro[4234:576040]  Autherization Header required
2016-05-17 19:37:56.262 Titan Juxt Pro[4234:576040] Authorization Value = Bearer 304daea02dc184e0ab4cb91cc891df9e388db5dd0af0f78a3849a9306d1019865d610cd6fb9e0f6d75443fc3174a142b
2016-05-17 19:37:56.860 Titan Juxt Pro[4234:576040]  Autherization Header required
2016-05-17 19:37:56.861 Titan Juxt Pro[4234:576040] Authorization Value = Bearer 304daea02dc184e0ab4cb91cc891df9e388db5dd0af0f78a3849a9306d1019865d610cd6fb9e0f6d75443fc3174a142b
2016-05-17 19:37:57.400 Titan Juxt Pro[4234:576040]  Autherization Header required
2016-05-17 19:37:57.401 Titan Juxt Pro[4234:576040] Authorization Value = Bearer 304daea02dc184e0ab4cb91cc891df9e388db5dd0af0f78a3849a9306d1019865d610cd6fb9e0f6d75443fc3174a142b
2016-05-17 19:38:00.320 Titan Juxt Pro[4234:576040]  Autherization Header required
2016-05-17 19:38:00.321 Titan Juxt Pro[4234:576040] Authorization Value = Bearer 304daea02dc184e0ab4cb91cc891df9e388db5dd0af0f78a3849a9306d1019865d610cd6fb9e0f6d75443fc3174a142b
2016-05-17 19:38:00.322 Titan Juxt Pro[4234:576040]  Autherization Header required
2016-05-17 19:38:00.323 Titan Juxt Pro[4234:576040] Authorization Value = Bearer 304daea02dc184e0ab4cb91cc891df9e388db5dd0af0f78a3849a9306d1019865d610cd6fb9e0f6d75443fc3174a142b
2016-05-17 19:38:00.534 Titan Juxt Pro[4234:576040] -[PriorityCallManager newImageGenerationWithUserName:andAddress:andMap:] [Line 567] image size 320.000000 568.000000
2016-05-17 19:38:00.921 Titan Juxt Pro[4234:576040] BLEReconnection | Paired before, checking for connection status
2016-05-17 19:38:00.922 Titan Juxt Pro[4234:576040] BLEReconnection | NOT Connected, trying to connect
2016-05-17 19:38:00.926 Titan Juxt Pro[4234:576040] BLEReconnection | Known peripheral array :(
    "<CBPeripheral: 0x16691060, identifier = 474D2A5A-03EB-D434-AAB8-39249131DFD9, name = TITAN Juxt Pro JPFTS010, state = disconnected>"
)
2016-05-17 19:38:00.926 Titan Juxt Pro[4234:576040] BLEReconnection | Connecting to the peripheral
2016-05-17 19:38:00.927 Titan Juxt Pro[4234:576040] Its still connecting
2016-05-17 19:38:00.928 Titan Juxt Pro[4234:576040] applicationDidBecomeActive
2016-05-17 19:38:00.950 Titan Juxt Pro[4234:576040] self.peripheralManager powered on.
2016-05-17 19:38:00.954 Titan Juxt Pro[4234:576040] available devices : curie_f2_4d_94
2016-05-17 19:38:00.955 Titan Juxt Pro[4234:576040] available devices : curie_2d_6f_7d
2016-05-17 19:38:00.955 Titan Juxt Pro[4234:576040] available devices : GCiPhone
2016-05-17 19:38:00.956 Titan Juxt Pro[4234:576040] available devices : GCiPhone
2016-05-17 19:38:00.957 Titan Juxt Pro[4234:576040] available devices : GCiPhone
2016-05-17 19:38:00.958 Titan Juxt Pro[4234:576040] available devices : aaaaaa
2016-05-17 19:38:00.959 Titan Juxt Pro[4234:576040] available devices : Ravi ClarkPvt
2016-05-17 19:38:00.960 Titan Juxt Pro[4234:576040] available devices : Q GRANT
2016-05-17 19:38:00.960 Titan Juxt Pro[4234:576040] available devices : TITAN SmartWatch
2016-05-17 19:38:00.961 Titan Juxt Pro[4234:576040] available devices : TITAN SmartWatch
2016-05-17 19:38:00.964 Titan Juxt Pro[4234:576040] available devices : sfk clark
2016-05-17 19:38:00.965 Titan Juxt Pro[4234:576040] available devices : Charge
2016-05-17 19:38:00.966 Titan Juxt Pro[4234:576040] available devices : Q DREAMER
2016-05-17 19:38:00.967 Titan Juxt Pro[4234:576589] TITAN : PushCredentials: <38dab5d0 df00d96f 87ede3ff 957c4d05 f750c181 858e7593 3b475150 bd8dfef2>
2016-05-17 19:38:00.969 Titan Juxt Pro[4234:576040] available devices : TITAN Juxt Pro GCTEST18
2016-05-17 19:38:00.971 Titan Juxt Pro[4234:576589] PushCredentials: <38dab5d0 df00d96f 87ede3ff 957c4d05 f750c181 858e7593 3b475150 bd8dfef2>
2016-05-17 19:38:00.972 Titan Juxt Pro[4234:576040] available devices : Charge
2016-05-17 19:38:00.973 Titan Juxt Pro[4234:576040] available devices : Charge HR
2016-05-17 19:38:00.973 Titan Juxt Pro[4234:576040] available devices : TITAN Juxt Pro JPFTS046
2016-05-17 19:38:00.974 Titan Juxt Pro[4234:576040] available devices : Q DREAMER
2016-05-17 19:38:00.975 Titan Juxt Pro[4234:576040] available devices : Charge
2016-05-17 19:38:00.976 Titan Juxt Pro[4234:576040] available devices : TITAN Juxt Pro GCTEST20
2016-05-17 19:38:00.978 Titan Juxt Pro[4234:576040] available devices : GCiPhone
2016-05-17 19:38:00.979 Titan Juxt Pro[4234:576040] available devices : Charge
2016-05-17 19:38:00.980 Titan Juxt Pro[4234:576040] available devices : Polar RUN 60182F15
2016-05-17 19:38:00.982 Titan Juxt Pro[4234:576040] Connected to <CBPeripheral: 0x16691060, identifier = 474D2A5A-03EB-D434-AAB8-39249131DFD9, name = TITAN Juxt Pro JPFTS010, state = connected>
2016-05-17 19:38:00.982 Titan Juxt Pro[4234:576040] BLEReconnection | Attempting to extend background running time
2016-05-17 19:38:00.984 Titan Juxt Pro[4234:576599] BLEReconnection | Background task started
2016-05-17 19:38:00.991 Titan Juxt Pro[4234:576599] Discovered service <CBService: 0x165ef900, isPrimary = YES, UUID = 389E2246-8686-458E-A65A-D86931C76668>
2016-05-17 19:38:00.994 Titan Juxt Pro[4234:576600] DidDiscover
2016-05-17 19:38:05.993 Titan Juxt Pro[4234:576040] Services available (
    "<CBService: 0x165ef900, isPrimary = YES, UUID = 389E2246-8686-458E-A65A-D86931C76668>"
)
2016-05-17 19:38:05.995 Titan Juxt Pro[4234:576040] Characteristics (
    "<CBCharacteristic: 0x166d6630, UUID = 547856C4-3F0C-4706-8194-096C7A09ED5D, properties = 0x12, value = <30>, notifying = NO>",
    "<CBCharacteristic: 0x166d6270, UUID = 9CEFA0FC-9B25-4193-85F7-5241F64304CC, properties = 0xA, value = (null), notifying = NO>"
)
2016-05-17 19:38:05.996 Titan Juxt Pro[4234:576040] Characteristics available (
    "<CBCharacteristic: 0x166d6630, UUID = 547856C4-3F0C-4706-8194-096C7A09ED5D, properties = 0x12, value = <30>, notifying = NO>",
    "<CBCharacteristic: 0x166d6270, UUID = 9CEFA0FC-9B25-4193-85F7-5241F64304CC, properties = 0xA, value = (null), notifying = NO>"
)
2016-05-17 19:38:06.000 Titan Juxt Pro[4234:576040] Content: {
    a = rs;
    ai = 107409167704622889517;
    s = success;
}
2016-05-17 19:38:06.000 Titan Juxt Pro[4234:576040] isJSon = 1
2016-05-17 19:38:06.001 Titan Juxt Pro[4234:576040] sending json: {"a":"rs","s":"success","ai":"107409167704622889517"}
2016-05-17 19:38:06.055 Titan Juxt Pro[4234:576040] Date: 2016-05-17 14:08:06 +0000
2016-05-17 19:38:06.058 Titan Juxt Pro[4234:576040] DateString : 2016-05-17-19-38-06
2016-05-17 19:38:06.058 Titan Juxt Pro[4234:576040] Thezone name : Asia/Kolkata
2016-05-17 19:38:06.059 Titan Juxt Pro[4234:576040] DateStringZone : 2016-05-17-19-38-06-Asia/Kolkata
2016-05-17 19:38:06.059 Titan Juxt Pro[4234:576040] Content: {
    action = 42;
    time = "2016-05-17-19-38-06-Asia/Kolkata";
}
2016-05-17 19:38:06.060 Titan Juxt Pro[4234:576040] isJSon = 1
2016-05-17 19:38:06.060 Titan Juxt Pro[4234:576040] sending json: {"action":"42","time":"2016-05-17-19-38-06-Asia\/Kolkata"}
2016-05-17 19:38:06.064 Titan Juxt Pro[4234:576040] BLESend | Unique ID: 50
2016-05-17 19:38:06.069 Titan Juxt Pro[4234:576040] Inserted Objects Count: 1
2016-05-17 19:38:06.069 Titan Juxt Pro[4234:576040] Updated Objects Count: 0
2016-05-17 19:38:06.070 Titan Juxt Pro[4234:576040] Deleted Objects Count: 0
2016-05-17 19:38:06.073 Titan Juxt Pro[4234:576040] insertObjects: {(
    <BLESend: 0x16696540> (entity: BLESend; id: 0x165c1cb0 <x-coredata://32E3F0B4-83A4-43A4-9C72-FA7EC938E646/BLESend/p50> ; data: {
    destId = 131;
    key = "";
    message = "{\"a\":\"rs\",\"s\":\"success\",\"ai\":\"107409167704622889517\"}";
    path = "";
    priority = 6;
    response = Added;
    sessionId = 0;
    sourceId = 318;
    uniqueId = 50;
})
)}
2016-05-17 19:38:06.074 Titan Juxt Pro[4234:576040] New Data to send 
2016-05-17 19:38:06.076 Titan Juxt Pro[4234:576040] BLESend | array count: 1
2016-05-17 19:38:06.077 Titan Juxt Pro[4234:576040] BLESend | Creating JSon for Sending UniqueID: 50
2016-05-17 19:38:06.077 Titan Juxt Pro[4234:576040] isJSon = 1
2016-05-17 19:38:06.078 Titan Juxt Pro[4234:576040] sending json: {"d":131,"p":6,"s":318,"m":"{\"a\":\"rs\",\"s\":\"success\",\"ai\":\"107409167704622889517\"}"}
2016-05-17 19:38:06.079 Titan Juxt Pro[4234:576040] BLESend | context save = 1 | UniqueId: 50
2016-05-17 19:38:06.079 Titan Juxt Pro[4234:576599] executeBLETransfer for uniqueId :50
2016-05-17 19:38:06.080 Titan Juxt Pro[4234:576040] BLESend | sendAccountStatusInfo | SUCCESS
2016-05-17 19:38:06.083 Titan Juxt Pro[4234:576599] BLESend | AppHandler SourceId: 318
2016-05-17 19:38:06.084 Titan Juxt Pro[4234:576599] BLESend | Deleting uniqueId: 50
2016-05-17 19:38:06.091 Titan Juxt Pro[4234:576040] BLESend | Unique ID: 51
2016-05-17 19:38:06.094 Titan Juxt Pro[4234:576040] Inserted Objects Count: 1
2016-05-17 19:38:06.094 Titan Juxt Pro[4234:576040] Updated Objects Count: 1
2016-05-17 19:38:06.095 Titan Juxt Pro[4234:576040] Deleted Objects Count: 0
2016-05-17 19:38:06.096 Titan Juxt Pro[4234:576040] insertObjects: {(
    <BLESend: 0x166d74f0> (entity: BLESend; id: 0x165772b0 <x-coredata://32E3F0B4-83A4-43A4-9C72-FA7EC938E646/BLESend/p51> ; data: {
    destId = 115;
    key = "";
    message = "{\"action\":\"42\",\"time\":\"2016-05-17-19-38-06-Asia\\/Kolkata\"}";
    path = "";
    priority = 5;
    response = Added;
    sessionId = 0;
    sourceId = 313;
    uniqueId = 51;
})
)}
2016-05-17 19:38:06.097 Titan Juxt Pro[4234:576040] New Data to send 
2016-05-17 19:38:06.098 Titan Juxt Pro[4234:576040] BLESend | array count: 1
2016-05-17 19:38:06.099 Titan Juxt Pro[4234:576040] BLESend | Creating JSon for Sending UniqueID: 51
2016-05-17 19:38:06.099 Titan Juxt Pro[4234:576040] isJSon = 1
2016-05-17 19:38:06.100 Titan Juxt Pro[4234:576040] sending json: {"d":115,"p":5,"s":313,"m":"{\"action\":\"42\",\"time\":\"2016-05-17-19-38-06-Asia\\\/Kolkata\"}"}
2016-05-17 19:38:06.101 Titan Juxt Pro[4234:576040] BLESend | context save = 1 | UniqueId: 51
2016-05-17 19:38:06.101 Titan Juxt Pro[4234:576599] executeBLETransfer for uniqueId :51
2016-05-17 19:38:06.101 Titan Juxt Pro[4234:576040] BLESend | sendCurrentTimeInfo | SUCCESS
2016-05-17 19:38:06.104 Titan Juxt Pro[4234:576599] BLESend | AppHandler SourceId: 313
2016-05-17 19:38:06.105 Titan Juxt Pro[4234:576599] BLESend | Deleting uniqueId: 51
2016-05-17 19:38:06.107 Titan Juxt Pro[4234:576040] Inserted Objects Count: 0
2016-05-17 19:38:06.108 Titan Juxt Pro[4234:576040] Updated Objects Count: 1
2016-05-17 19:38:06.109 Titan Juxt Pro[4234:576040] Deleted Objects Count: 1
2016-05-17 19:38:06.110 Titan Juxt Pro[4234:576040] BLESend | Record 50 deleted
2016-05-17 19:38:06.112 Titan Juxt Pro[4234:576040] Inserted Objects Count: 0
2016-05-17 19:38:06.112 Titan Juxt Pro[4234:576040] Updated Objects Count: 0
2016-05-17 19:38:06.112 Titan Juxt Pro[4234:576040] Deleted Objects Count: 1
2016-05-17 19:38:06.113 Titan Juxt Pro[4234:576040] BLESend | Record 51 deleted
2016-05-17 19:38:06.284 Titan Juxt Pro[4234:576589] Characterstic value greekcanyon-UTF-8
2016-05-17 19:38:06.285 Titan Juxt Pro[4234:576589] Date: 2016-05-17 14:08:06 +0000
2016-05-17 19:38:06.287 Titan Juxt Pro[4234:576589] DateString : 2016-05-17-19-38-06
2016-05-17 19:38:06.287 Titan Juxt Pro[4234:576589] Thezone name : Asia/Kolkata
2016-05-17 19:38:06.288 Titan Juxt Pro[4234:576589] DateStringZone : 2016-05-17-19-38-06-Asia/Kolkata
2016-05-17 19:38:06.288 Titan Juxt Pro[4234:576589] Content: {
    a = di;
    pt = ios;
    time = "2016-05-17-19-38-06-Asia/Kolkata";
}
2016-05-17 19:38:06.289 Titan Juxt Pro[4234:576589] isJSon = 1
2016-05-17 19:38:06.289 Titan Juxt Pro[4234:576589] sending json: {"a":"di","pt":"ios","time":"2016-05-17-19-38-06-Asia\/Kolkata"}
2016-05-17 19:38:06.293 Titan Juxt Pro[4234:576040] BLESend | Unique ID: 52
2016-05-17 19:38:06.295 Titan Juxt Pro[4234:576040] Inserted Objects Count: 1
2016-05-17 19:38:06.295 Titan Juxt Pro[4234:576040] Updated Objects Count: 0
2016-05-17 19:38:06.295 Titan Juxt Pro[4234:576040] Deleted Objects Count: 0
2016-05-17 19:38:06.296 Titan Juxt Pro[4234:576040] insertObjects: {(
    <BLESend: 0x166d74f0> (entity: BLESend; id: 0x166d7b50 <x-coredata://32E3F0B4-83A4-43A4-9C72-FA7EC938E646/BLESend/p52> ; data: {
    destId = 131;
    key = action;
    message = "{\"a\":\"di\",\"pt\":\"ios\",\"time\":\"2016-05-17-19-38-06-Asia\\/Kolkata\"}";
    path = "";
    priority = 5;
    response = Added;
    sessionId = 0;
    sourceId = 311;
    uniqueId = 52;
})
)}
2016-05-17 19:38:06.297 Titan Juxt Pro[4234:576040] New Data to send 
2016-05-17 19:38:06.298 Titan Juxt Pro[4234:576040] BLESend | array count: 1
2016-05-17 19:38:06.299 Titan Juxt Pro[4234:576040] BLESend | Creating JSon for Sending UniqueID: 52
2016-05-17 19:38:06.299 Titan Juxt Pro[4234:576040] isJSon = 1
2016-05-17 19:38:06.300 Titan Juxt Pro[4234:576040] sending json: {"d":131,"p":5,"s":311,"m":"{\"a\":\"di\",\"pt\":\"ios\",\"time\":\"2016-05-17-19-38-06-Asia\\\/Kolkata\"}"}
2016-05-17 19:38:06.301 Titan Juxt Pro[4234:576599] executeBLETransfer for uniqueId :52
2016-05-17 19:38:06.301 Titan Juxt Pro[4234:576040] BLESend | context save = 1 | UniqueId: 52
2016-05-17 19:38:06.302 Titan Juxt Pro[4234:576040] BLE DEVICE INFO | sendResponseToWatchWithActionValue | SUCCESS
2016-05-17 19:38:06.303 Titan Juxt Pro[4234:576599] BLESend | AppHandler SourceId: 311
2016-05-17 19:38:06.304 Titan Juxt Pro[4234:576599] BLESend | Deleting uniqueId: 52
2016-05-17 19:38:06.306 Titan Juxt Pro[4234:576040] Inserted Objects Count: 0
2016-05-17 19:38:06.307 Titan Juxt Pro[4234:576040] Updated Objects Count: 0
2016-05-17 19:38:06.307 Titan Juxt Pro[4234:576040] Deleted Objects Count: 1
2016-05-17 19:38:06.308 Titan Juxt Pro[4234:576040] BLESend | Record 52 deleted
2016-05-17 19:38:06.552 Titan Juxt Pro[4234:576599] Characterstic value 1
2016-05-17 19:38:06.582 Titan Juxt Pro[4234:576589] Characterstic value {"s":131,"d":311,"p"
2016-05-17 19:38:06.583 Titan Juxt Pro[4234:576589] Characterstic value :5,"m":{"device_ccid
2016-05-17 19:38:06.612 Titan Juxt Pro[4234:576599] Characterstic value ":"GRKCYN0078FF5764A
2016-05-17 19:38:06.613 Titan Juxt Pro[4234:576599] Characterstic value 465","device_model":
2016-05-17 19:38:06.642 Titan Juxt Pro[4234:576589] Characterstic value "Titan Watch","sv":"
2016-05-17 19:38:06.643 Titan Juxt Pro[4234:576589] Characterstic value Titan OS 1.0","devic
2016-05-17 19:38:06.672 Titan Juxt Pro[4234:576599] Characterstic value e_name":"TITAN Juxt 
2016-05-17 19:38:06.674 Titan Juxt Pro[4234:576599] Characterstic value Pro JPFTS010","devic
2016-05-17 19:38:06.702 Titan Juxt Pro[4234:576589] Characterstic value e_mac":"78:FF:57:64:
2016-05-17 19:38:06.703 Titan Juxt Pro[4234:576589] Characterstic value A4:65"}}
2016-05-17 19:38:06.732 Titan Juxt Pro[4234:576599] Characterstic value 0
2016-05-17 19:38:06.733 Titan Juxt Pro[4234:576599] responseString: {"s":131,"d":311,"p":5,"m":{"device_ccid":"GRKCYN0078FF5764A465","device_model":"Titan Watch","sv":"Titan OS 1.0","device_name":"TITAN Juxt Pro JPFTS010","device_mac":"78:FF:57:64:A4:65"}}
2016-05-17 19:38:06.734 Titan Juxt Pro[4234:576599] End Time : 2016-05-17 14:08:06 +0000
2016-05-17 19:38:06.735 Titan Juxt Pro[4234:576599] destination = 311
2016-05-17 19:38:06.736 Titan Juxt Pro[4234:576599] didReceiveBTPairingRequest
2016-05-17 19:38:06.738 Titan Juxt Pro[4234:576599] Date: 2016-05-17 14:08:06 +0000
2016-05-17 19:38:06.739 Titan Juxt Pro[4234:576599] DateString : 2016-05-17-19-38-06
2016-05-17 19:38:06.740 Titan Juxt Pro[4234:576599] Thezone name : Asia/Kolkata
2016-05-17 19:38:06.740 Titan Juxt Pro[4234:576599] DateStringZone : 2016-05-17-19-38-06-Asia/Kolkata
2016-05-17 19:38:06.741 Titan Juxt Pro[4234:576599] Content: {
    action = 42;
    time = "2016-05-17-19-38-06-Asia/Kolkata";
}
2016-05-17 19:38:06.741 Titan Juxt Pro[4234:576599] isJSon = 1
2016-05-17 19:38:06.741 Titan Juxt Pro[4234:576599] sending json: {"action":"42","time":"2016-05-17-19-38-06-Asia\/Kolkata"}
2016-05-17 19:38:06.746 Titan Juxt Pro[4234:576040] BLESend | Unique ID: 53
2016-05-17 19:38:06.748 Titan Juxt Pro[4234:576040] Inserted Objects Count: 1
2016-05-17 19:38:06.748 Titan Juxt Pro[4234:576040] Updated Objects Count: 0
2016-05-17 19:38:06.749 Titan Juxt Pro[4234:576040] Deleted Objects Count: 0
2016-05-17 19:38:06.749 Titan Juxt Pro[4234:576040] insertObjects: {(
    <BLESend: 0x166d74f0> (entity: BLESend; id: 0x166bb970 <x-coredata://32E3F0B4-83A4-43A4-9C72-FA7EC938E646/BLESend/p53> ; data: {
    destId = 115;
    key = "";
    message = "{\"action\":\"42\",\"time\":\"2016-05-17-19-38-06-Asia\\/Kolkata\"}";
    path = "";
    priority = 5;
    response = Added;
    sessionId = 0;
    sourceId = 313;
    uniqueId = 53;
})
)}
2016-05-17 19:38:06.750 Titan Juxt Pro[4234:576040] New Data to send 
2016-05-17 19:38:06.752 Titan Juxt Pro[4234:576040] BLESend | array count: 1
2016-05-17 19:38:06.752 Titan Juxt Pro[4234:576040] BLESend | Creating JSon for Sending UniqueID: 53
2016-05-17 19:38:06.753 Titan Juxt Pro[4234:576040] isJSon = 1
2016-05-17 19:38:06.753 Titan Juxt Pro[4234:576040] sending json: {"d":115,"p":5,"s":313,"m":"{\"action\":\"42\",\"time\":\"2016-05-17-19-38-06-Asia\\\/Kolkata\"}"}
2016-05-17 19:38:06.754 Titan Juxt Pro[4234:576599] executeBLETransfer for uniqueId :53
2016-05-17 19:38:06.754 Titan Juxt Pro[4234:576040] BLESend | context save = 1 | UniqueId: 53
2016-05-17 19:38:06.755 Titan Juxt Pro[4234:576040] BLESend | sendCurrentTimeInfo | SUCCESS
2016-05-17 19:38:06.758 Titan Juxt Pro[4234:576599] BLESend | AppHandler SourceId: 313
2016-05-17 19:38:06.758 Titan Juxt Pro[4234:576599] BLESend | Deleting uniqueId: 53
2016-05-17 19:38:06.762 Titan Juxt Pro[4234:576040] Inserted Objects Count: 0
2016-05-17 19:38:06.762 Titan Juxt Pro[4234:576040] Updated Objects Count: 0
2016-05-17 19:38:06.763 Titan Juxt Pro[4234:576040] Deleted Objects Count: 1
2016-05-17 19:38:06.763 Titan Juxt Pro[4234:576040] BLESend | Record 53 deleted
2016-05-17 19:38:07.934 Titan Juxt Pro[4234:576600] Characterstic value 1
2016-05-17 19:38:07.935 Titan Juxt Pro[4234:576600] Characterstic value {"s":101,"d":303,"p"
2016-05-17 19:38:07.962 Titan Juxt Pro[4234:576599] Characterstic value :3,"m":{"plug":0,"le
2016-05-17 19:38:07.964 Titan Juxt Pro[4234:576599] Characterstic value vel":41}}
2016-05-17 19:38:07.992 Titan Juxt Pro[4234:576600] Characterstic value 0
2016-05-17 19:38:07.992 Titan Juxt Pro[4234:576600] responseString: {"s":101,"d":303,"p":3,"m":{"plug":0,"level":41}}
2016-05-17 19:38:07.993 Titan Juxt Pro[4234:576600] End Time : 2016-05-17 14:08:07 +0000
2016-05-17 19:38:07.995 Titan Juxt Pro[4234:576600] destination = 303
2016-05-17 19:38:08.000 Titan Juxt Pro[4234:576040] ClockFace | Unique ID: 18
2016-05-17 19:38:08.004 Titan Juxt Pro[4234:576040] Inserted Objects Count: 1
2016-05-17 19:38:08.004 Titan Juxt Pro[4234:576040] Updated Objects Count: 0
2016-05-17 19:38:08.005 Titan Juxt Pro[4234:576040] Deleted Objects Count: 0
2016-05-17 19:38:08.008 Titan Juxt Pro[4234:576040] insertObjects: {(
    <ClockFace: 0x165f19d0> (entity: ClockFace; id: 0x166879f0 <x-coredata://32E3F0B4-83A4-43A4-9C72-FA7EC938E646/ClockFace/p18> ; data: {
    destId = 303;
    key = "";
    message = "{\n    level = 41;\n    plug = 0;\n}";
    path = "";
    priority = 3;
    response = Added;
    sessionId = 0;
    sourceId = 101;
    uniqueId = 18;
})
)}
2016-05-17 19:38:08.009 Titan Juxt Pro[4234:576040] Calling clockFaceHandler
2016-05-17 19:38:08.011 Titan Juxt Pro[4234:576040] ClockFace | newWorkArray count: 1
2016-05-17 19:38:08.011 Titan Juxt Pro[4234:576040] ClockFace | Adding to queue with uniqueId: 18
2016-05-17 19:38:08.012 Titan Juxt Pro[4234:576040] ClockFace | addToOperationQueue
2016-05-17 19:38:08.012 Titan Juxt Pro[4234:576600] Clockface | Processing uniqueId: 18
2016-05-17 19:38:08.012 Titan Juxt Pro[4234:576040] ClockFace | context save = 1 | UniqueId: 18
2016-05-17 19:38:08.013 Titan Juxt Pro[4234:576040] ClockFace | newWork added Success
2016-05-17 19:38:08.013 Titan Juxt Pro[4234:576600] isCharging: 0, batteryLevel: 41
2016-05-17 19:38:08.013 Titan Juxt Pro[4234:576600] Clockface | Deleting uniqueId: 18
2016-05-17 19:38:08.015 Titan Juxt Pro[4234:576040] {
    level = 41;
    plug = 0;
}
2016-05-17 19:38:08.016 Titan Juxt Pro[4234:576040] {
    level = 41;
    plug = 0;
}
2016-05-17 19:38:08.019 Titan Juxt Pro[4234:576040] Inserted Objects Count: 0
2016-05-17 19:38:08.020 Titan Juxt Pro[4234:576040] Updated Objects Count: 0
2016-05-17 19:38:08.020 Titan Juxt Pro[4234:576040] Deleted Objects Count: 1
2016-05-17 19:38:08.021 Titan Juxt Pro[4234:576040] Clockface | Data deleted successfully
2016-05-17 19:38:09.462 Titan Juxt Pro[4234:576600] Characterstic value 1
2016-05-17 19:38:09.463 Titan Juxt Pro[4234:576600] Characterstic value {"s":113,"d":314,"p"
2016-05-17 19:38:09.464 Titan Juxt Pro[4234:576600] Characterstic value :4,"m":{"v":"xmm6321
2016-05-17 19:38:09.492 Titan Juxt Pro[4234:576589] Characterstic value _IndianRun:eng.aarok
2016-05-17 19:38:09.493 Titan Juxt Pro[4234:576589] Characterstic value iax.20160514.044508"
2016-05-17 19:38:09.522 Titan Juxt Pro[4234:576600] Characterstic value ,"a":1}}
2016-05-17 19:38:09.523 Titan Juxt Pro[4234:576600] Characterstic value 0
2016-05-17 19:38:09.524 Titan Juxt Pro[4234:576600] responseString: {"s":113,"d":314,"p":4,"m":{"v":"xmm6321_IndianRun:eng.aarokiax.20160514.044508","a":1}}
2016-05-17 19:38:09.525 Titan Juxt Pro[4234:576600] End Time : 2016-05-17 14:08:09 +0000
2016-05-17 19:38:09.525 Titan Juxt Pro[4234:576600] destination = 314
2016-05-17 19:38:09.851 Titan Juxt Pro[4234:576600] Characterstic value 1
2016-05-17 19:38:09.852 Titan Juxt Pro[4234:576600] Characterstic value {"s":102,"d":304,"p"
2016-05-17 19:38:09.853 Titan Juxt Pro[4234:576600] Characterstic value :3,"m":{"jsonArray":
2016-05-17 19:38:09.881 Titan Juxt Pro[4234:576589] Characterstic value [{"startTime":"14634
2016-05-17 19:38:09.882 Titan Juxt Pro[4234:576589] Characterstic value 88369320L","calories
2016-05-17 19:38:09.911 Titan Juxt Pro[4234:576600] Characterstic value ":2,"distance":0.043
2016-05-17 19:38:09.912 Titan Juxt Pro[4234:576589] Characterstic value 0000014603138,"steps
2016-05-17 19:38:09.942 Titan Juxt Pro[4234:576600] Characterstic value ":64,"endTime":"1463
2016-05-17 19:38:09.944 Titan Juxt Pro[4234:576600] Characterstic value 491969320L","speed":
2016-05-17 19:38:09.972 Titan Juxt Pro[4234:576589] Characterstic value 0.5329999923706055}]
2016-05-17 19:38:09.972 Titan Juxt Pro[4234:576589] Characterstic value }}
2016-05-17 19:38:09.973 Titan Juxt Pro[4234:576589] Characterstic value 0
2016-05-17 19:38:09.974 Titan Juxt Pro[4234:576589] responseString: {"s":102,"d":304,"p":3,"m":{"jsonArray":[{"startTime":"1463488369320L","calories":2,"distance":0.0430000014603138,"steps":64,"endTime":"1463491969320L","speed":0.5329999923706055}]}}
2016-05-17 19:38:09.974 Titan Juxt Pro[4234:576589] End Time : 2016-05-17 14:08:09 +0000
2016-05-17 19:38:09.975 Titan Juxt Pro[4234:576589] destination = 304
2016-05-17 19:38:09.984 Titan Juxt Pro[4234:576040] Pedometer | Unique ID: 3
2016-05-17 19:38:09.988 Titan Juxt Pro[4234:576040] Inserted Objects Count: 1
2016-05-17 19:38:09.989 Titan Juxt Pro[4234:576040] Updated Objects Count: 0
2016-05-17 19:38:09.989 Titan Juxt Pro[4234:576040] Deleted Objects Count: 0
2016-05-17 19:38:09.993 Titan Juxt Pro[4234:576040] insertObjects: {(
    <Pedometer: 0x165abef0> (entity: Pedometer; id: 0x1654ca50 <x-coredata://32E3F0B4-83A4-43A4-9C72-FA7EC938E646/Pedometer/p3> ; data: {
    destId = 304;
    key = "";
    message = "{\n    jsonArray =     (\n                {\n            calories = 2;\n            distance = \"0.0430000014603138\";\n            endTime = 1463491969320L;\n            speed = \"0.5329999923706055\";\n            startTime = 1463488369320L;\n            steps = 64;\n        }\n    );\n}";
    path = "";
    priority = 3;
    response = Added;
    sessionId = 0;
    sourceId = 102;
    uniqueId = 3;
})
)}
2016-05-17 19:38:09.996 Titan Juxt Pro[4234:576040] Pedometer | pedometerArray count: 1
2016-05-17 19:38:09.997 Titan Juxt Pro[4234:576040] Pedometer | Adding to queue with uniqueId: 3
2016-05-17 19:38:09.997 Titan Juxt Pro[4234:576040] Pedometer | addToOperationQueue
2016-05-17 19:38:09.998 Titan Juxt Pro[4234:576040] Pedometer | context save = 1 | UniqueId: 3
2016-05-17 19:38:09.998 Titan Juxt Pro[4234:576040] Pedometer | newWork added SUCCESS
2016-05-17 19:38:09.998 Titan Juxt Pro[4234:576589] pedometerMessage Recieved: (
        {
        calories = 2;
        distance = "0.0430000014603138";
        endTime = 1463491969320L;
        speed = "0.5329999923706055";
        startTime = 1463488369320L;
        steps = 64;
    }
)
2016-05-17 19:38:09.999 Titan Juxt Pro[4234:576589] Pedometer | Processing uniqueId: 3
2016-05-17 19:38:10.006 Titan Juxt Pro[4234:576589]  Autherization Header required
2016-05-17 19:38:10.006 Titan Juxt Pro[4234:576589] Authorization Value = Bearer 304daea02dc184e0ab4cb91cc891df9e388db5dd0af0f78a3849a9306d1019865d610cd6fb9e0f6d75443fc3174a142b
2016-05-17 19:38:10.272 Titan Juxt Pro[4234:576599] Characterstic value 1
2016-05-17 19:38:10.274 Titan Juxt Pro[4234:576599] Characterstic value {"s":101,"d":303,"p"
2016-05-17 19:38:10.274 Titan Juxt Pro[4234:576599] Characterstic value :3,"m":{"plug":0,"le
2016-05-17 19:38:10.302 Titan Juxt Pro[4234:576600] Characterstic value vel":32}}
2016-05-17 19:38:10.303 Titan Juxt Pro[4234:576600] Characterstic value 0
2016-05-17 19:38:10.304 Titan Juxt Pro[4234:576600] responseString: {"s":101,"d":303,"p":3,"m":{"plug":0,"level":32}}
2016-05-17 19:38:10.305 Titan Juxt Pro[4234:576600] End Time : 2016-05-17 14:08:10 +0000
2016-05-17 19:38:10.306 Titan Juxt Pro[4234:576600] destination = 303
2016-05-17 19:38:10.308 Titan Juxt Pro[4234:576040] ClockFace | Unique ID: 19
2016-05-17 19:38:10.311 Titan Juxt Pro[4234:576040] Inserted Objects Count: 1
2016-05-17 19:38:10.311 Titan Juxt Pro[4234:576040] Updated Objects Count: 1
2016-05-17 19:38:10.312 Titan Juxt Pro[4234:576040] Deleted Objects Count: 0
2016-05-17 19:38:10.312 Titan Juxt Pro[4234:576040] insertObjects: {(
    <ClockFace: 0x16654de0> (entity: ClockFace; id: 0x16656e70 <x-coredata://32E3F0B4-83A4-43A4-9C72-FA7EC938E646/ClockFace/p19> ; data: {
    destId = 303;
    key = "";
    message = "{\n    level = 32;\n    plug = 0;\n}";
    path = "";
    priority = 3;
    response = Added;
    sessionId = 0;
    sourceId = 101;
    uniqueId = 19;
})
)}
2016-05-17 19:38:10.313 Titan Juxt Pro[4234:576040] Calling clockFaceHandler
2016-05-17 19:38:10.314 Titan Juxt Pro[4234:576040] ClockFace | newWorkArray count: 1
2016-05-17 19:38:10.315 Titan Juxt Pro[4234:576040] ClockFace | Adding to queue with uniqueId: 19
2016-05-17 19:38:10.315 Titan Juxt Pro[4234:576599] Clockface | Processing uniqueId: 19
2016-05-17 19:38:10.316 Titan Juxt Pro[4234:576599] isCharging: 0, batteryLevel: 32
2016-05-17 19:38:10.316 Titan Juxt Pro[4234:576040] ClockFace | context save = 1 | UniqueId: 19
2016-05-17 19:38:10.317 Titan Juxt Pro[4234:576040] ClockFace | newWork added Success
2016-05-17 19:38:10.317 Titan Juxt Pro[4234:576599] Clockface | Deleting uniqueId: 19
2016-05-17 19:38:10.318 Titan Juxt Pro[4234:576040] {
    level = 32;
    plug = 0;
}
2016-05-17 19:38:10.318 Titan Juxt Pro[4234:576040] {
    level = 32;
    plug = 0;
}
2016-05-17 19:38:10.323 Titan Juxt Pro[4234:576040] Inserted Objects Count: 0
2016-05-17 19:38:10.323 Titan Juxt Pro[4234:576040] Updated Objects Count: 0
2016-05-17 19:38:10.324 Titan Juxt Pro[4234:576040] Deleted Objects Count: 1
2016-05-17 19:38:10.324 Titan Juxt Pro[4234:576040] Clockface | Data deleted successfully
2016-05-17 19:38:10.902 Titan Juxt Pro[4234:576600] Characterstic value 1
2016-05-17 19:38:10.903 Titan Juxt Pro[4234:576600] Characterstic value {"s":133,"d":400,"p"
2016-05-17 19:38:10.904 Titan Juxt Pro[4234:576600] Characterstic value :4,"m":{"n":"Call","
2016-05-17 19:38:10.932 Titan Juxt Pro[4234:576599] Characterstic value a":"com.apple.mobile
2016-05-17 19:38:10.933 Titan Juxt Pro[4234:576599] Characterstic value phone"}}
2016-05-17 19:38:10.962 Titan Juxt Pro[4234:576600] Characterstic value 0
2016-05-17 19:38:10.963 Titan Juxt Pro[4234:576600] responseString: {"s":133,"d":400,"p":4,"m":{"n":"Call","a":"com.apple.mobilephone"}}
2016-05-17 19:38:10.963 Titan Juxt Pro[4234:576600] End Time : 2016-05-17 14:08:10 +0000
2016-05-17 19:38:10.965 Titan Juxt Pro[4234:576600] destination = 400
2016-05-17 19:38:10.969 Titan Juxt Pro[4234:576040] ANCSNotification | Unique ID: 13
2016-05-17 19:38:10.973 Titan Juxt Pro[4234:576040] Inserted Objects Count: 1
2016-05-17 19:38:10.973 Titan Juxt Pro[4234:576040] Updated Objects Count: 0
2016-05-17 19:38:10.974 Titan Juxt Pro[4234:576040] Deleted Objects Count: 0
2016-05-17 19:38:10.977 Titan Juxt Pro[4234:576040] insertObjects: {(
    <ANCSNotification: 0x1664e320> (entity: ANCSNotification; id: 0x1664dca0 <x-coredata://32E3F0B4-83A4-43A4-9C72-FA7EC938E646/ANCSNotification/p13> ; data: {
    destId = 400;
    key = "";
    message = "{\n    a = \"com.apple.mobilephone\";\n    n = Call;\n}";
    path = "";
    priority = 4;
    response = Added;
    sessionId = 0;
    sourceId = 133;
    uniqueId = 13;
})
)}
2016-05-17 19:38:10.979 Titan Juxt Pro[4234:576040] ANCSNotification | array count: 1
2016-05-17 19:38:10.980 Titan Juxt Pro[4234:576040] ANCSNotification | Adding to queue with uniqueId: 13
2016-05-17 19:38:10.980 Titan Juxt Pro[4234:576040] ANCSNotification | addToOperationQueue
2016-05-17 19:38:10.981 Titan Juxt Pro[4234:576600] ANCSNotification | Processing uniqueId: 13
2016-05-17 19:38:10.981 Titan Juxt Pro[4234:576040] ANCSNotification | context save = 1 | UniqueId: 13
2016-05-17 19:38:10.982 Titan Juxt Pro[4234:576600] ANCSNotification | Current Action Value: 0
2016-05-17 19:38:10.982 Titan Juxt Pro[4234:576040] ANCSNotification | newWork added Success
2016-05-17 19:38:10.983 Titan Juxt Pro[4234:576600] Notification : exist
2016-05-17 19:38:10.985 Titan Juxt Pro[4234:576600] Inserted Objects Count: 0
2016-05-17 19:38:10.986 Titan Juxt Pro[4234:576600] Updated Objects Count: 1
2016-05-17 19:38:10.986 Titan Juxt Pro[4234:576600] Deleted Objects Count: 0
2016-05-17 19:38:10.987 Titan Juxt Pro[4234:576600] ANCSNotification | Deleting uniqueId: 13
2016-05-17 19:38:10.989 Titan Juxt Pro[4234:576040] Inserted Objects Count: 0
2016-05-17 19:38:10.990 Titan Juxt Pro[4234:576040] Updated Objects Count: 0
2016-05-17 19:38:10.990 Titan Juxt Pro[4234:576040] Deleted Objects Count: 1
2016-05-17 19:38:10.991 Titan Juxt Pro[4234:576040] ANCSNotificationn | Data deleted successfully
2016-05-17 19:38:24.031 Titan Juxt Pro[4234:576040] requestType: 6
2016-05-17 19:38:24.031 Titan Juxt Pro[4234:576040] uniqueId: 3
2016-05-17 19:38:24.032 Titan Juxt Pro[4234:576040] TWFitnessHandler | data from cloud: {
    message = PedometerData;
}
2016-05-17 19:38:24.032 Titan Juxt Pro[4234:576040] Pedometer | Deleting uniqueId: 3
2016-05-17 19:38:24.034 Titan Juxt Pro[4234:576040] isJSon = 1
2016-05-17 19:38:24.034 Titan Juxt Pro[4234:576040] sending json: {"res":200}
2016-05-17 19:38:24.036 Titan Juxt Pro[4234:576040] Inserted Objects Count: 0
2016-05-17 19:38:24.037 Titan Juxt Pro[4234:576040] Updated Objects Count: 0
2016-05-17 19:38:24.037 Titan Juxt Pro[4234:576040] Deleted Objects Count: 1
2016-05-17 19:38:24.038 Titan Juxt Pro[4234:576040] Pedometer | Data deleted successfully
2016-05-17 19:38:24.040 Titan Juxt Pro[4234:576040] BLESend | Unique ID: 54
2016-05-17 19:38:24.042 Titan Juxt Pro[4234:576040] Inserted Objects Count: 1
2016-05-17 19:38:24.043 Titan Juxt Pro[4234:576040] Updated Objects Count: 0
2016-05-17 19:38:24.043 Titan Juxt Pro[4234:576040] Deleted Objects Count: 0
2016-05-17 19:38:24.044 Titan Juxt Pro[4234:576040] insertObjects: {(
    <BLESend: 0x1653aac0> (entity: BLESend; id: 0x1653a2c0 <x-coredata://32E3F0B4-83A4-43A4-9C72-FA7EC938E646/BLESend/p54> ; data: {
    destId = 102;
    key = "";
    message = "{\"res\":200}";
    path = "";
    priority = 3;
    response = Added;
    sessionId = 0;
    sourceId = 304;
    uniqueId = 54;
})
)}
2016-05-17 19:38:24.045 Titan Juxt Pro[4234:576040] New Data to send 
2016-05-17 19:38:24.047 Titan Juxt Pro[4234:576040] BLESend | array count: 1
2016-05-17 19:38:24.047 Titan Juxt Pro[4234:576040] BLESend | Creating JSon for Sending UniqueID: 54
2016-05-17 19:38:24.048 Titan Juxt Pro[4234:576040] isJSon = 1
2016-05-17 19:38:24.048 Titan Juxt Pro[4234:576040] sending json: {"d":102,"p":3,"s":304,"m":"{\"res\":200}"}
2016-05-17 19:38:24.049 Titan Juxt Pro[4234:576600] executeBLETransfer for uniqueId :54
2016-05-17 19:38:24.049 Titan Juxt Pro[4234:576040] BLESend | context save = 1 | UniqueId: 54
2016-05-17 19:38:24.051 Titan Juxt Pro[4234:576040] Pedometer | sendPedomterCloudUpdateResponseToWatch | SUCCESS
2016-05-17 19:38:24.051 Titan Juxt Pro[4234:576600] BLESend | AppHandler SourceId: 304
2016-05-17 19:38:24.052 Titan Juxt Pro[4234:576600] BLESend | Deleting uniqueId: 54
2016-05-17 19:38:24.055 Titan Juxt Pro[4234:576040] Inserted Objects Count: 0
2016-05-17 19:38:24.055 Titan Juxt Pro[4234:576040] Updated Objects Count: 0
2016-05-17 19:38:24.056 Titan Juxt Pro[4234:576040] Deleted Objects Count: 1
2016-05-17 19:38:24.056 Titan Juxt Pro[4234:576040] BLESend | Record 54 deleted
2016-05-17 19:38:24.882 Titan Juxt Pro[4234:576600] Characterstic value 1
2016-05-17 19:38:24.884 Titan Juxt Pro[4234:576600] Characterstic value {"s":102,"d":304,"p"
2016-05-17 19:38:24.885 Titan Juxt Pro[4234:576600] Characterstic value :3,"m":{"jsonArray":
2016-05-17 19:38:24.912 Titan Juxt Pro[4234:576739] Characterstic value [{"startTime":"14634
2016-05-17 19:38:24.913 Titan Juxt Pro[4234:576739] Characterstic value 88369320L","calories
2016-05-17 19:38:24.942 Titan Juxt Pro[4234:576600] Characterstic value ":2,"distance":0.043
2016-05-17 19:38:24.972 Titan Juxt Pro[4234:576739] Characterstic value 0000014603138,"steps
2016-05-17 19:38:25.002 Titan Juxt Pro[4234:576600] Characterstic value ":64,"endTime":"1463
2016-05-17 19:38:25.003 Titan Juxt Pro[4234:576600] Characterstic value 491969320L","speed":
2016-05-17 19:38:25.004 Titan Juxt Pro[4234:576600] Characterstic value 0.5329999923706055}]
2016-05-17 19:38:25.092 Titan Juxt Pro[4234:576739] Characterstic value }}
2016-05-17 19:38:25.093 Titan Juxt Pro[4234:576739] Characterstic value 0
2016-05-17 19:38:25.094 Titan Juxt Pro[4234:576739] responseString: {"s":102,"d":304,"p":3,"m":{"jsonArray":[{"startTime":"1463488369320L","calories":2,"distance":0.0430000014603138,"steps":64,"endTime":"1463491969320L","speed":0.5329999923706055}]}}
2016-05-17 19:38:25.094 Titan Juxt Pro[4234:576739] End Time : 2016-05-17 14:08:25 +0000
2016-05-17 19:38:25.095 Titan Juxt Pro[4234:576739] destination = 304
2016-05-17 19:38:25.098 Titan Juxt Pro[4234:576040] Pedometer | Unique ID: 4
2016-05-17 19:38:25.101 Titan Juxt Pro[4234:576040] Inserted Objects Count: 1
2016-05-17 19:38:25.102 Titan Juxt Pro[4234:576040] Updated Objects Count: 0
2016-05-17 19:38:25.102 Titan Juxt Pro[4234:576040] Deleted Objects Count: 0
2016-05-17 19:38:25.103 Titan Juxt Pro[4234:576040] insertObjects: {(
    <Pedometer: 0x166563b0> (entity: Pedometer; id: 0x1653d210 <x-coredata://32E3F0B4-83A4-43A4-9C72-FA7EC938E646/Pedometer/p4> ; data: {
    destId = 304;
    key = "";
    message = "{\n    jsonArray =     (\n                {\n            calories = 2;\n            distance = \"0.0430000014603138\";\n            endTime = 1463491969320L;\n            speed = \"0.5329999923706055\";\n            startTime = 1463488369320L;\n            steps = 64;\n        }\n    );\n}";
    path = "";
    priority = 3;
    response = Added;
    sessionId = 0;
    sourceId = 102;
    uniqueId = 4;
})
)}
2016-05-17 19:38:25.105 Titan Juxt Pro[4234:576040] Pedometer | pedometerArray count: 1
2016-05-17 19:38:25.106 Titan Juxt Pro[4234:576040] Pedometer | Adding to queue with uniqueId: 4
2016-05-17 19:38:25.107 Titan Juxt Pro[4234:576040] Pedometer | context save = 1 | UniqueId: 4
2016-05-17 19:38:25.107 Titan Juxt Pro[4234:576600] pedometerMessage Recieved: (
        {
        calories = 2;
        distance = "0.0430000014603138";
        endTime = 1463491969320L;
        speed = "0.5329999923706055";
        startTime = 1463488369320L;
        steps = 64;
    }
)
2016-05-17 19:38:25.107 Titan Juxt Pro[4234:576040] Pedometer | newWork added SUCCESS
2016-05-17 19:38:25.108 Titan Juxt Pro[4234:576600] Pedometer | Processing uniqueId: 4
2016-05-17 19:38:25.112 Titan Juxt Pro[4234:576600]  Autherization Header required
2016-05-17 19:38:25.113 Titan Juxt Pro[4234:576600] Authorization Value = Bearer 304daea02dc184e0ab4cb91cc891df9e388db5dd0af0f78a3849a9306d1019865d610cd6fb9e0f6d75443fc3174a142b
2016-05-17 19:38:32.536 Titan Juxt Pro[4234:576040] requestType: 6
2016-05-17 19:38:32.536 Titan Juxt Pro[4234:576040] uniqueId: 4
2016-05-17 19:38:32.537 Titan Juxt Pro[4234:576040] TWFitnessHandler | data from cloud: {
    message = PedometerData;
}
2016-05-17 19:38:32.537 Titan Juxt Pro[4234:576040] Pedometer | Deleting uniqueId: 4
2016-05-17 19:38:32.539 Titan Juxt Pro[4234:576040] isJSon = 1
2016-05-17 19:38:32.539 Titan Juxt Pro[4234:576040] sending json: {"res":200}
2016-05-17 19:38:32.540 Titan Juxt Pro[4234:576040] Inserted Objects Count: 0
2016-05-17 19:38:32.541 Titan Juxt Pro[4234:576040] Updated Objects Count: 0
2016-05-17 19:38:32.541 Titan Juxt Pro[4234:576040] Deleted Objects Count: 1
2016-05-17 19:38:32.542 Titan Juxt Pro[4234:576040] Pedometer | Data deleted successfully
2016-05-17 19:38:32.544 Titan Juxt Pro[4234:576040] BLESend | Unique ID: 55
2016-05-17 19:38:32.545 Titan Juxt Pro[4234:576040] Inserted Objects Count: 1
2016-05-17 19:38:32.546 Titan Juxt Pro[4234:576040] Updated Objects Count: 0
2016-05-17 19:38:32.546 Titan Juxt Pro[4234:576040] Deleted Objects Count: 0
2016-05-17 19:38:32.547 Titan Juxt Pro[4234:576040] insertObjects: {(
    <BLESend: 0x16558f90> (entity: BLESend; id: 0x166dbfd0 <x-coredata://32E3F0B4-83A4-43A4-9C72-FA7EC938E646/BLESend/p55> ; data: {
    destId = 102;
    key = "";
    message = "{\"res\":200}";
    path = "";
    priority = 3;
    response = Added;
    sessionId = 0;
    sourceId = 304;
    uniqueId = 55;
})
)}
2016-05-17 19:38:32.548 Titan Juxt Pro[4234:576040] New Data to send 
2016-05-17 19:38:32.549 Titan Juxt Pro[4234:576040] BLESend | array count: 1
2016-05-17 19:38:32.550 Titan Juxt Pro[4234:576040] BLESend | Creating JSon for Sending UniqueID: 55
2016-05-17 19:38:32.550 Titan Juxt Pro[4234:576040] isJSon = 1
2016-05-17 19:38:32.551 Titan Juxt Pro[4234:576040] sending json: {"d":102,"p":3,"s":304,"m":"{\"res\":200}"}
2016-05-17 19:38:32.552 Titan Juxt Pro[4234:576040] BLESend | context save = 1 | UniqueId: 55
2016-05-17 19:38:32.552 Titan Juxt Pro[4234:576599] executeBLETransfer for uniqueId :55
2016-05-17 19:38:32.552 Titan Juxt Pro[4234:576040] Pedometer | sendPedomterCloudUpdateResponseToWatch | SUCCESS
2016-05-17 19:38:32.556 Titan Juxt Pro[4234:576599] BLESend | AppHandler SourceId: 304
2016-05-17 19:38:32.556 Titan Juxt Pro[4234:576599] BLESend | Deleting uniqueId: 55
2016-05-17 19:38:32.559 Titan Juxt Pro[4234:576040] Inserted Objects Count: 0
2016-05-17 19:38:32.559 Titan Juxt Pro[4234:576040] Updated Objects Count: 0
2016-05-17 19:38:32.560 Titan Juxt Pro[4234:576040] Deleted Objects Count: 1
2016-05-17 19:38:32.560 Titan Juxt Pro[4234:576040] BLESend | Record 55 deleted
