2016-05-17 19:40:33.897 Titan Juxt Pro[4292:577197]  Autherization Header required
2016-05-17 19:40:33.898 Titan Juxt Pro[4292:577197] Authorization Value = Bearer 304daea02dc184e0ab4cb91cc891df9e388db5dd0af0f78a3849a9306d1019865d610cd6fb9e0f6d75443fc3174a142b
2016-05-17 19:40:33.901 Titan Juxt Pro[4292:577197]  Autherization Header required
2016-05-17 19:40:33.902 Titan Juxt Pro[4292:577197] Authorization Value = Bearer 304daea02dc184e0ab4cb91cc891df9e388db5dd0af0f78a3849a9306d1019865d610cd6fb9e0f6d75443fc3174a142b
2016-05-17 19:40:33.905 Titan Juxt Pro[4292:577197]  Autherization Header required
2016-05-17 19:40:33.906 Titan Juxt Pro[4292:577197] Authorization Value = Bearer 304daea02dc184e0ab4cb91cc891df9e388db5dd0af0f78a3849a9306d1019865d610cd6fb9e0f6d75443fc3174a142b
2016-05-17 19:40:33.908 Titan Juxt Pro[4292:577197]  Autherization Header required
2016-05-17 19:40:33.908 Titan Juxt Pro[4292:577197] Authorization Value = Bearer 304daea02dc184e0ab4cb91cc891df9e388db5dd0af0f78a3849a9306d1019865d610cd6fb9e0f6d75443fc3174a142b
2016-05-17 19:40:33.910 Titan Juxt Pro[4292:577197]  Autherization Header required
2016-05-17 19:40:33.910 Titan Juxt Pro[4292:577197] Authorization Value = Bearer 304daea02dc184e0ab4cb91cc891df9e388db5dd0af0f78a3849a9306d1019865d610cd6fb9e0f6d75443fc3174a142b
2016-05-17 19:40:33.913 Titan Juxt Pro[4292:577197]  Autherization Header required
2016-05-17 19:40:33.913 Titan Juxt Pro[4292:577197] Authorization Value = Bearer 304daea02dc184e0ab4cb91cc891df9e388db5dd0af0f78a3849a9306d1019865d610cd6fb9e0f6d75443fc3174a142b
2016-05-17 19:40:33.915 Titan Juxt Pro[4292:577197]  Autherization Header required
2016-05-17 19:40:33.915 Titan Juxt Pro[4292:577197] Authorization Value = Bearer 304daea02dc184e0ab4cb91cc891df9e388db5dd0af0f78a3849a9306d1019865d610cd6fb9e0f6d75443fc3174a142b
2016-05-17 19:40:33.917 Titan Juxt Pro[4292:577197]  Autherization Header required
2016-05-17 19:40:33.918 Titan Juxt Pro[4292:577197] Authorization Value = Bearer 304daea02dc184e0ab4cb91cc891df9e388db5dd0af0f78a3849a9306d1019865d610cd6fb9e0f6d75443fc3174a142b
2016-05-17 19:40:33.920 Titan Juxt Pro[4292:577197]  Autherization Header required
2016-05-17 19:40:33.920 Titan Juxt Pro[4292:577197] Authorization Value = Bearer 304daea02dc184e0ab4cb91cc891df9e388db5dd0af0f78a3849a9306d1019865d610cd6fb9e0f6d75443fc3174a142b
2016-05-17 19:40:33.922 Titan Juxt Pro[4292:577197]  Autherization Header required
2016-05-17 19:40:33.922 Titan Juxt Pro[4292:577197] Authorization Value = Bearer 304daea02dc184e0ab4cb91cc891df9e388db5dd0af0f78a3849a9306d1019865d610cd6fb9e0f6d75443fc3174a142b
2016-05-17 19:40:33.924 Titan Juxt Pro[4292:577197]  Autherization Header required
2016-05-17 19:40:33.924 Titan Juxt Pro[4292:577197] Authorization Value = Bearer 304daea02dc184e0ab4cb91cc891df9e388db5dd0af0f78a3849a9306d1019865d610cd6fb9e0f6d75443fc3174a142b
2016-05-17 19:40:33.926 Titan Juxt Pro[4292:577197]  Autherization Header required
2016-05-17 19:40:33.926 Titan Juxt Pro[4292:577197] Authorization Value = Bearer 304daea02dc184e0ab4cb91cc891df9e388db5dd0af0f78a3849a9306d1019865d610cd6fb9e0f6d75443fc3174a142b
2016-05-17 19:40:33.928 Titan Juxt Pro[4292:577197]  Autherization Header required
2016-05-17 19:40:33.928 Titan Juxt Pro[4292:577197] Authorization Value = Bearer 304daea02dc184e0ab4cb91cc891df9e388db5dd0af0f78a3849a9306d1019865d610cd6fb9e0f6d75443fc3174a142b
2016-05-17 19:40:33.930 Titan Juxt Pro[4292:577197]  Autherization Header required
2016-05-17 19:40:33.930 Titan Juxt Pro[4292:577197] Authorization Value = Bearer 304daea02dc184e0ab4cb91cc891df9e388db5dd0af0f78a3849a9306d1019865d610cd6fb9e0f6d75443fc3174a142b
2016-05-17 19:40:33.932 Titan Juxt Pro[4292:577197]  Autherization Header required
2016-05-17 19:40:33.933 Titan Juxt Pro[4292:577197] Authorization Value = Bearer 304daea02dc184e0ab4cb91cc891df9e388db5dd0af0f78a3849a9306d1019865d610cd6fb9e0f6d75443fc3174a142b
2016-05-17 19:40:33.934 Titan Juxt Pro[4292:577197]  Autherization Header required
2016-05-17 19:40:33.935 Titan Juxt Pro[4292:577197] Authorization Value = Bearer 304daea02dc184e0ab4cb91cc891df9e388db5dd0af0f78a3849a9306d1019865d610cd6fb9e0f6d75443fc3174a142b
2016-05-17 19:40:33.936 Titan Juxt Pro[4292:577197]  Autherization Header required
2016-05-17 19:40:33.937 Titan Juxt Pro[4292:577197] Authorization Value = Bearer 304daea02dc184e0ab4cb91cc891df9e388db5dd0af0f78a3849a9306d1019865d610cd6fb9e0f6d75443fc3174a142b
2016-05-17 19:40:33.940 Titan Juxt Pro[4292:577197]  Autherization Header required
2016-05-17 19:40:33.940 Titan Juxt Pro[4292:577197] Authorization Value = Bearer 304daea02dc184e0ab4cb91cc891df9e388db5dd0af0f78a3849a9306d1019865d610cd6fb9e0f6d75443fc3174a142b
2016-05-17 19:40:33.942 Titan Juxt Pro[4292:577197]  Autherization Header required
2016-05-17 19:40:33.942 Titan Juxt Pro[4292:577197] Authorization Value = Bearer 304daea02dc184e0ab4cb91cc891df9e388db5dd0af0f78a3849a9306d1019865d610cd6fb9e0f6d75443fc3174a142b
2016-05-17 19:40:34.078 Titan Juxt Pro[4292:577197] -[PriorityCallManager newImageGenerationWithUserName:andAddress:andMap:] [Line 567] image size 320.000000 568.000000
2016-05-17 19:40:34.334 Titan Juxt Pro[4292:577197] self.peripheralManager powered on.
2016-05-17 19:40:34.340 Titan Juxt Pro[4292:577209] TITAN : PushCredentials: <38dab5d0 df00d96f 87ede3ff 957c4d05 f750c181 858e7593 3b475150 bd8dfef2>
2016-05-17 19:40:34.341 Titan Juxt Pro[4292:577209] PushCredentials: <38dab5d0 df00d96f 87ede3ff 957c4d05 f750c181 858e7593 3b475150 bd8dfef2>
